#
# There is insufficient memory for the Java Runtime Environment to continue.
# Native memory allocation (mmap) failed to map 268435456 bytes. Error detail: G1 virtual space
# Possible reasons:
#   The system is out of physical RAM or swap space
#   This process is running with CompressedOops enabled, and the Java Heap may be blocking the growth of the native heap
# Possible solutions:
#   Reduce memory load on the system
#   Increase physical memory or swap space
#   Check if swap backing store is full
#   Decrease Java heap size (-Xmx/-Xms)
#   Decrease number of Java threads
#   Decrease Java thread stack sizes (-Xss)
#   Set larger code cache with -XX:ReservedCodeCacheSize=
#   JVM is running with Zero Based Compressed Oops mode in which the Java heap is
#     placed in the first 32GB address space. The Java Heap base address is the
#     maximum limit for the native heap growth. Please use -XX:HeapBaseMinAddress
#     to set the Java Heap base and to place the Java Heap above 32GB virtual address.
# This output file may be truncated or incomplete.
#
#  Out of Memory Error (os_windows.cpp:3825), pid=13108, tid=7308
#
# JRE version:  (17.0.11+1) (build )
# Java VM: OpenJDK 64-Bit Server VM (17.0.11+1-b1207.24, mixed mode, sharing, tiered, compressed oops, compressed class ptrs, g1 gc, windows-amd64)
# No core dump will be written. Minidumps are not enabled by default on client versions of Windows
#

---------------  S U M M A R Y ------------

Command Line: git4idea.http.GitAskPassApp Username for 'https://github.com': 

Host: AMD Ryzen 5 5600 6-Core Processor              , 12 cores, 15G,  Windows 10 , 64 bit Build 19041 (10.0.19041.4717)
Time: Mon Sep  9 16:56:37 2024  Windows 10 , 64 bit Build 19041 (10.0.19041.4717) elapsed time: 0.005849 seconds (0d 0h 0m 0s)

---------------  T H R E A D  ---------------

Current thread (0x0000025a24ec2f10):  JavaThread "Unknown thread" [_thread_in_vm, id=7308, stack(0x000000935b300000,0x000000935b400000)]

Stack: [0x000000935b300000,0x000000935b400000]
Native frames: (J=compiled Java code, j=interpreted, Vv=VM code, C=native code)
V  [jvm.dll+0x6877f9]
V  [jvm.dll+0x8411aa]
V  [jvm.dll+0x842e2e]
V  [jvm.dll+0x843493]
V  [jvm.dll+0x249fdf]
V  [jvm.dll+0x6845c9]
V  [jvm.dll+0x678e7a]
V  [jvm.dll+0x30ab4b]
V  [jvm.dll+0x311ff6]
V  [jvm.dll+0x361a5e]
V  [jvm.dll+0x361c8f]
V  [jvm.dll+0x2e0978]
V  [jvm.dll+0x2e18e4]
V  [jvm.dll+0x811c71]
V  [jvm.dll+0x36f7c8]
V  [jvm.dll+0x7f05f6]
V  [jvm.dll+0x3f398f]
V  [jvm.dll+0x3f5541]
C  [jli.dll+0x528f]
C  [ucrtbase.dll+0x21bb2]
C  [KERNEL32.DLL+0x17374]
C  [ntdll.dll+0x4cc91]


---------------  P R O C E S S  ---------------

Threads class SMR info:
_java_thread_list=0x00007ffac48eefd8, length=0, elements={
}

Java Threads: ( => current thread )

Other Threads:
  0x0000025a24f2ec30 GCTaskThread "GC Thread#0" [stack: 0x000000935b400000,0x000000935b500000] [id=13932]
  0x0000025a24f40930 ConcurrentGCThread "G1 Main Marker" [stack: 0x000000935b500000,0x000000935b600000] [id=6432]
  0x0000025a24f41af0 ConcurrentGCThread "G1 Conc#0" [stack: 0x000000935b600000,0x000000935b700000] [id=9776]

[error occurred during error reporting (printing all threads), id 0xc0000005, EXCEPTION_ACCESS_VIOLATION (0xc0000005) at pc=0x00007ffac40a1547]

VM state: not at safepoint (not fully initialized)

VM Mutex/Monitor currently owned by a thread:  ([mutex/lock_event])
[0x0000025a24ebc830] Heap_lock - owner thread: 0x0000025a24ec2f10

Heap address: 0x0000000701600000, size: 4074 MB, Compressed Oops mode: Zero based, Oop shift amount: 3

CDS archive(s) mapped at: [0x0000000000000000-0x0000000000000000-0x0000000000000000), size 0, SharedBaseAddress: 0x0000000800000000, ArchiveRelocationMode: 1.
Narrow klass base: 0x0000000000000000, Narrow klass shift: 0, Narrow klass range: 0x0

GC Precious Log:
<Empty>

Heap:
 garbage-first heap   total 0K, used 0K [0x0000000701600000, 0x0000000800000000)
  region size 2048K, 0 young (0K), 0 survivors (0K)
 Metaspace       used 0K, committed 0K, reserved 0K
  class space    used 0K, committed 0K, reserved 0K

Heap Regions: E=young(eden), S=young(survivor), O=old, HS=humongous(starts), HC=humongous(continues), CS=collection set, F=free, OA=open archive, CA=closed archive, TAMS=top-at-mark-start (previous, next)

Card table byte_map: [0x0000025a383a0000,0x0000025a38ba0000] _byte_map_base: 0x0000025a34b95000

Marking Bits (Prev, Next): (CMBitMap*) 0x0000025a24f2f160, (CMBitMap*) 0x0000025a24f2f1a0
 Prev Bits: [0x0000025a393a0000, 0x0000025a3d348000)
 Next Bits: [0x0000025a3d350000, 0x0000025a412f8000)

GC Heap History (0 events):
No events

Dll operation events (1 events):
Event: 0.003 Loaded shared library D:\software\PyCharm Community Edition 2024.1.4\jbr\bin\java.dll

Deoptimization events (0 events):
No events

Classes unloaded (0 events):
No events

Classes redefined (0 events):
No events

Internal exceptions (0 events):
No events

VM Operations (0 events):
No events

Events (0 events):
No events


Dynamic libraries:
0x00007ff6b8440000 - 0x00007ff6b844a000 	D:\software\PyCharm Community Edition 2024.1.4\jbr\bin\java.exe
0x00007ffb3c510000 - 0x00007ffb3c708000 	C:\Windows\SYSTEM32\ntdll.dll
0x00007ffb3afd0000 - 0x00007ffb3b091000 	C:\Windows\System32\KERNEL32.DLL
0x00007ffb39db0000 - 0x00007ffb3a0ad000 	C:\Windows\System32\KERNELBASE.dll
0x00007ffb39cb0000 - 0x00007ffb39db0000 	C:\Windows\System32\ucrtbase.dll
0x00007ffaf3270000 - 0x00007ffaf3287000 	D:\software\PyCharm Community Edition 2024.1.4\jbr\bin\jli.dll
0x00007ffb1deb0000 - 0x00007ffb1decb000 	D:\software\PyCharm Community Edition 2024.1.4\jbr\bin\VCRUNTIME140.dll
0x00007ffb3ae20000 - 0x00007ffb3afbd000 	C:\Windows\System32\USER32.dll
0x00007ffb39bc0000 - 0x00007ffb39be2000 	C:\Windows\System32\win32u.dll
0x00007ffb26550000 - 0x00007ffb267ea000 	C:\Windows\WinSxS\amd64_microsoft.windows.common-controls_6595b64144ccf1df_6.0.19041.4355_none_60b8b9eb71f62e16\COMCTL32.dll
0x00007ffb3c4a0000 - 0x00007ffb3c4cb000 	C:\Windows\System32\GDI32.dll
0x00007ffb3b8f0000 - 0x00007ffb3b98e000 	C:\Windows\System32\msvcrt.dll
0x00007ffb3a380000 - 0x00007ffb3a497000 	C:\Windows\System32\gdi32full.dll
0x00007ffb3a4a0000 - 0x00007ffb3a53d000 	C:\Windows\System32\msvcp_win.dll
0x00007ffb3adf0000 - 0x00007ffb3ae1f000 	C:\Windows\System32\IMM32.DLL
0x00007ffb27ca0000 - 0x00007ffb27cac000 	D:\software\PyCharm Community Edition 2024.1.4\jbr\bin\vcruntime140_1.dll
0x00007ffad0b40000 - 0x00007ffad0bcd000 	D:\software\PyCharm Community Edition 2024.1.4\jbr\bin\msvcp140.dll
0x00007ffac3db0000 - 0x00007ffac4a33000 	D:\software\PyCharm Community Edition 2024.1.4\jbr\bin\server\jvm.dll
0x00007ffb3b9b0000 - 0x00007ffb3ba60000 	C:\Windows\System32\ADVAPI32.dll
0x00007ffb3ba60000 - 0x00007ffb3bb00000 	C:\Windows\System32\sechost.dll
0x00007ffb3c370000 - 0x00007ffb3c493000 	C:\Windows\System32\RPCRT4.dll
0x00007ffb3a0b0000 - 0x00007ffb3a0d7000 	C:\Windows\System32\bcrypt.dll
0x00007ffb39960000 - 0x00007ffb399ab000 	C:\Windows\SYSTEM32\POWRPROF.dll
0x00007ffb25990000 - 0x00007ffb25999000 	C:\Windows\SYSTEM32\WSOCK32.dll
0x00007ffb3c270000 - 0x00007ffb3c2db000 	C:\Windows\System32\WS2_32.dll
0x00007ffb2b700000 - 0x00007ffb2b727000 	C:\Windows\SYSTEM32\WINMM.dll
0x00007ffb33a80000 - 0x00007ffb33a8a000 	C:\Windows\SYSTEM32\VERSION.dll
0x00007ffb39940000 - 0x00007ffb39952000 	C:\Windows\SYSTEM32\UMPDC.dll
0x00007ffb37a60000 - 0x00007ffb37a72000 	C:\Windows\SYSTEM32\kernel.appcore.dll
0x00007ffb28640000 - 0x00007ffb2864a000 	D:\software\PyCharm Community Edition 2024.1.4\jbr\bin\jimage.dll
0x00007ffb34000000 - 0x00007ffb341e4000 	C:\Windows\SYSTEM32\DBGHELP.DLL
0x00007ffb25880000 - 0x00007ffb258b4000 	C:\Windows\SYSTEM32\dbgcore.DLL
0x00007ffb3a190000 - 0x00007ffb3a212000 	C:\Windows\System32\bcryptPrimitives.dll
0x00007ffb19040000 - 0x00007ffb19065000 	D:\software\PyCharm Community Edition 2024.1.4\jbr\bin\java.dll

dbghelp: loaded successfully - version: 4.0.5 - missing functions: none
symbol engine: initialized successfully - sym options: 0x614 - pdb path: .;D:\software\PyCharm Community Edition 2024.1.4\jbr\bin;C:\Windows\SYSTEM32;C:\Windows\WinSxS\amd64_microsoft.windows.common-controls_6595b64144ccf1df_6.0.19041.4355_none_60b8b9eb71f62e16;D:\software\PyCharm Community Edition 2024.1.4\jbr\bin\server

VM Arguments:
java_command: git4idea.http.GitAskPassApp Username for 'https://github.com': 
java_class_path (initial): D:/software/PyCharm Community Edition 2024.1.4/plugins/vcs-git/lib/git4idea-rt.jar;D:/software/PyCharm Community Edition 2024.1.4/lib/externalProcess-rt.jar
Launcher Type: SUN_STANDARD

[Global flags]
     intx CICompilerCount                          = 4                                         {product} {ergonomic}
     uint ConcGCThreads                            = 3                                         {product} {ergonomic}
     uint G1ConcRefinementThreads                  = 10                                        {product} {ergonomic}
   size_t G1HeapRegionSize                         = 2097152                                   {product} {ergonomic}
    uintx GCDrainStackTargetSize                   = 64                                        {product} {ergonomic}
   size_t InitialHeapSize                          = 268435456                                 {product} {ergonomic}
   size_t MarkStackSize                            = 4194304                                   {product} {ergonomic}
   size_t MaxHeapSize                              = 4271898624                                {product} {ergonomic}
   size_t MinHeapDeltaBytes                        = 2097152                                   {product} {ergonomic}
   size_t MinHeapSize                              = 8388608                                   {product} {ergonomic}
    uintx NonNMethodCodeHeapSize                   = 5839372                                {pd product} {ergonomic}
    uintx NonProfiledCodeHeapSize                  = 122909434                              {pd product} {ergonomic}
    uintx ProfiledCodeHeapSize                     = 122909434                              {pd product} {ergonomic}
    uintx ReservedCodeCacheSize                    = 251658240                              {pd product} {ergonomic}
     bool SegmentedCodeCache                       = true                                      {product} {ergonomic}
   size_t SoftMaxHeapSize                          = 4271898624                             {manageable} {ergonomic}
     bool UseCompressedClassPointers               = true                           {product lp64_product} {ergonomic}
     bool UseCompressedOops                        = true                           {product lp64_product} {ergonomic}
     bool UseG1GC                                  = true                                      {product} {ergonomic}
     bool UseLargePagesIndividualAllocation        = false                                  {pd product} {ergonomic}

Logging:
Log output configuration:
 #0: stdout all=warning uptime,level,tags
 #1: stderr all=off uptime,level,tags

Environment Variables:
JAVA_HOME=D:\software\Java\jdk1.8.0_92
PATH=D:\software\Git\mingw64\libexec\git-core;D:\software\Git\mingw64\libexec\git-core;D:\software\Git\mingw64\bin;D:\software\Git\usr\bin;C:\Users\ypn\bin;C:\ProgramData\Oracle\Java\javapath;C:\Windows\system32;C:\Windows;C:\Windows\System32\Wbem;C:\Windows\System32\WindowsPowerShell\v1.0;C:\Windows\System32\OpenSSH;C:\Program Files (x86)\NVIDIA Corporation\PhysX\Common;D:\software\mysql-8.0.30-winx64\bin;C:\Program Files\dotnet;D:\software\CANoeDemo_18\Vector SIL Kit 4.0.47\x86\bin;D:\software\CANoeDemo_18\Vector SIL Kit 4.0.47\x86_64\bin;D:\software\CANoeDemo_18\Vector CANdb++ 3.1\Exec32;D:\software\chromedriver-win64;D:\software\Git\cmd;D:\software\Java\jdk1.8.0_92\bin;D:\software\Java\jdk1.8.0_92\jre\bin;D:\software\platform-tools-latest-windows\platform-tools;D:\software\Android_SDK\Andriod_SDK\build-tools\27.0.1;D:\software\python\Scripts;D:\software\python;C:\Users\ypn\AppData\Local\Programs\Python\Launcher;C:\Users\ypn\AppData\Local\Microsoft\WindowsApps;D:\software\PyCharm Community Edition 2024.1.4\bin
USERNAME=ypn
DISPLAY=:0.0
LC_ALL=en_US.UTF-8
TERM=xterm-256color
TMPDIR=C:\Users\ypn\AppData\Local\Temp
OS=Windows_NT
PROCESSOR_IDENTIFIER=AMD64 Family 25 Model 33 Stepping 2, AuthenticAMD
TMP=C:\Users\ypn\AppData\Local\Temp
TEMP=C:\Users\ypn\AppData\Local\Temp



Periodic native trim disabled

JNI global refs:
JNI global refs: 0, weak refs: 0

JNI global refs memory usage: 0, weak refs: 0

Process memory usage:
Resident Set Size: 11000K (0% of 16682500K total physical memory with 4466860K free physical memory)

OOME stack traces (most recent first):
Classloader memory used:


---------------  S Y S T E M  ---------------

OS:
 Windows 10 , 64 bit Build 19041 (10.0.19041.4717)
OS uptime: 0 days 3:14 hours

CPU: total 12 (initial active 12) (12 cores per cpu, 2 threads per core) family 25 model 33 stepping 2 microcode 0x0, cx8, cmov, fxsr, ht, mmx, 3dnowpref, sse, sse2, sse3, ssse3, sse4a, sse4.1, sse4.2, popcnt, lzcnt, tsc, tscinvbit, avx, avx2, aes, erms, clmul, bmi1, bmi2, adx, sha, fma, vzeroupper, clflush, clflushopt
Processor Information for all 12 processors :
  Max Mhz: 3501, Current Mhz: 3501, Mhz Limit: 3501

Memory: 4k page, system-wide physical 16291M (4362M free)
TotalPageFile size 16291M (AvailPageFile size 244M)
current process WorkingSet (physical memory assigned to process): 10M, peak: 10M
current process commit charge ("private bytes"): 64M, peak: 320M

vm_info: OpenJDK 64-Bit Server VM (17.0.11+1-b1207.24) for windows-amd64 JRE (17.0.11+1-b1207.24), built on 2024-05-15 by "builduser" with MS VC++ 16.10 / 16.11 (VS2019)

END.
